<?xml version="1.0" encoding="UTF-8" ?>
<testsuite errors="0" failures="0" hostname="shoreham" name="powertrack.PowerControllerTests" tests="1" time="1.81" timestamp="2014-04-26T16:01:13">
  <properties />
  <testcase classname="powertrack.PowerControllerTests" name="testSomething" time="1.765" />
  <system-out><![CDATA[--Output from testSomething--
]]></system-out>
  <system-err><![CDATA[--Output from testSomething--
]]></system-err>
</testsuite>
